app/build/intermediates/manifest_merge_blame_file/debug/manifest-merger-blame-debug-report.txt
1<?xml version="1.0" encoding="utf-8"?>
2<manifest xmlns:android="http://schemas.android.com/apk/res/android"
3    package="com.example.hifi"
4    android:versionCode="1"
5    android:versionName="1.0" >
6
7    <uses-sdk
8        android:minSdkVersion="23"
8-->src\main\AndroidManifest.xml
9        android:targetSdkVersion="33" />
9-->src\main\AndroidManifest.xml
10
11    <application
11-->src\main\AndroidManifest.xml:3:5-74:19
12        android:name="com.example.hifi.application.HiFiApplication"
12-->src\main\AndroidManifest.xml:4:13-72
13        android:allowBackup="true"
13-->src\main\AndroidManifest.xml:5:13-39
14        android:appComponentFactory="androidx.core.app.CoreComponentFactory"
14-->[androidx.core:core:1.7.0] AndroidManifest.xml:24:18-86
15        android:debuggable="true"
16        android:extractNativeLibs="false"
17        android:icon="@mipmap/ic_launcher"
17-->src\main\AndroidManifest.xml:6:13-47
18        android:label="@string/app_name"
18-->src\main\AndroidManifest.xml:7:13-45
19        android:supportsRtl="true"
19-->src\main\AndroidManifest.xml:8:13-39
20        android:testOnly="true"
21        android:theme="@style/AppTheme" >
21-->src\main\AndroidManifest.xml:9:13-44
22        <activity
22-->src\main\AndroidManifest.xml:10:9-17:20
23            android:name="com.example.hifi.presentation.HomeActivity"
23-->src\main\AndroidManifest.xml:11:17-58
24            android:exported="true" >
24-->src\main\AndroidManifest.xml:12:17-40
25            <intent-filter>
25-->src\main\AndroidManifest.xml:13:13-16:29
26                <action android:name="android.intent.action.MAIN" />
26-->src\main\AndroidManifest.xml:14:17-69
26-->src\main\AndroidManifest.xml:14:25-66
27
28                <category android:name="android.intent.category.LAUNCHER" />
28-->src\main\AndroidManifest.xml:15:17-77
28-->src\main\AndroidManifest.xml:15:27-74
29            </intent-filter>
30        </activity>
31        <activity
31-->src\main\AndroidManifest.xml:18:9-24:20
32            android:name="com.example.hifi.presentation.ProductDescriptionActivity"
32-->src\main\AndroidManifest.xml:19:17-72
33            android:label="@string/product_description" >
33-->src\main\AndroidManifest.xml:20:17-60
34            <meta-data
34-->src\main\AndroidManifest.xml:21:13-23:82
35                android:name="android.support.PARENT_ACTIVITY"
35-->src\main\AndroidManifest.xml:22:21-67
36                android:value="com.example.hifi.presentation.HomeActivity" />
36-->src\main\AndroidManifest.xml:23:21-79
37        </activity>
38        <activity
38-->src\main\AndroidManifest.xml:25:9-31:20
39            android:name="com.example.hifi.presentation.SearchProductActivity"
39-->src\main\AndroidManifest.xml:26:17-67
40            android:label="@string/search_product" >
40-->src\main\AndroidManifest.xml:27:17-55
41            <meta-data
41-->src\main\AndroidManifest.xml:21:13-23:82
42                android:name="android.support.PARENT_ACTIVITY"
42-->src\main\AndroidManifest.xml:22:21-67
43                android:value="com.example.hifi.presentation.HomeActivity" />
43-->src\main\AndroidManifest.xml:23:21-79
44        </activity>
45        <activity
45-->src\main\AndroidManifest.xml:32:9-38:20
46            android:name="com.example.hifi.presentation.UserSignInActivity"
46-->src\main\AndroidManifest.xml:33:17-64
47            android:label="@string/sign_in" >
47-->src\main\AndroidManifest.xml:34:17-48
48            <meta-data
48-->src\main\AndroidManifest.xml:21:13-23:82
49                android:name="android.support.PARENT_ACTIVITY"
49-->src\main\AndroidManifest.xml:22:21-67
50                android:value="com.example.hifi.presentation.HomeActivity" />
50-->src\main\AndroidManifest.xml:23:21-79
51        </activity>
52        <activity
52-->src\main\AndroidManifest.xml:39:9-45:20
53            android:name="com.example.hifi.presentation.UserCreateAccountActivity"
53-->src\main\AndroidManifest.xml:40:17-71
54            android:label="@string/sign_up" >
54-->src\main\AndroidManifest.xml:41:17-48
55            <meta-data
55-->src\main\AndroidManifest.xml:21:13-23:82
56                android:name="android.support.PARENT_ACTIVITY"
56-->src\main\AndroidManifest.xml:22:21-67
57                android:value="com.example.hifi.presentation.UserSignInActivity" />
57-->src\main\AndroidManifest.xml:23:21-79
58        </activity>
59        <activity
59-->src\main\AndroidManifest.xml:46:9-52:20
60            android:name="com.example.hifi.presentation.CartActivity"
60-->src\main\AndroidManifest.xml:47:17-58
61            android:label="@string/cart" >
61-->src\main\AndroidManifest.xml:48:17-45
62            <meta-data
62-->src\main\AndroidManifest.xml:21:13-23:82
63                android:name="android.support.PARENT_ACTIVITY"
63-->src\main\AndroidManifest.xml:22:21-67
64                android:value="com.example.hifi.presentation.HomeActivity" />
64-->src\main\AndroidManifest.xml:23:21-79
65        </activity>
66        <activity
66-->src\main\AndroidManifest.xml:53:9-59:20
67            android:name="com.example.hifi.presentation.EditProfileActivity"
67-->src\main\AndroidManifest.xml:54:13-61
68            android:label="@string/cart" >
68-->src\main\AndroidManifest.xml:55:13-41
69            <meta-data
69-->src\main\AndroidManifest.xml:21:13-23:82
70                android:name="android.support.PARENT_ACTIVITY"
70-->src\main\AndroidManifest.xml:22:21-67
71                android:value="com.example.hifi.presentation.HomeActivity" />
71-->src\main\AndroidManifest.xml:23:21-79
72        </activity>
73        <activity
73-->src\main\AndroidManifest.xml:60:9-66:20
74            android:name="com.example.hifi.presentation.OrderHistoryActivity"
74-->src\main\AndroidManifest.xml:61:17-66
75            android:label="@string/order_history" >
75-->src\main\AndroidManifest.xml:62:17-54
76            <meta-data
76-->src\main\AndroidManifest.xml:21:13-23:82
77                android:name="android.support.PARENT_ACTIVITY"
77-->src\main\AndroidManifest.xml:22:21-67
78                android:value="com.example.hifi.presentation.HomeActivity" />
78-->src\main\AndroidManifest.xml:23:21-79
79        </activity>
80        <activity
80-->src\main\AndroidManifest.xml:67:9-73:20
81            android:name="com.example.hifi.presentation.WishListActivity"
81-->src\main\AndroidManifest.xml:68:17-62
82            android:label="@string/wishlist" >
82-->src\main\AndroidManifest.xml:69:17-49
83            <meta-data
83-->src\main\AndroidManifest.xml:21:13-23:82
84                android:name="android.support.PARENT_ACTIVITY"
84-->src\main\AndroidManifest.xml:22:21-67
85                android:value="com.example.hifi.presentation.HomeActivity" />
85-->src\main\AndroidManifest.xml:23:21-79
86        </activity>
87
88        <provider
88-->[androidx.emoji2:emoji2:1.0.0] AndroidManifest.xml:26:9-34:20
89            android:name="androidx.startup.InitializationProvider"
89-->[androidx.emoji2:emoji2:1.0.0] AndroidManifest.xml:27:13-67
90            android:authorities="com.example.hifi.androidx-startup"
90-->[androidx.emoji2:emoji2:1.0.0] AndroidManifest.xml:28:13-68
91            android:exported="false" >
91-->[androidx.emoji2:emoji2:1.0.0] AndroidManifest.xml:29:13-37
92            <meta-data
92-->[androidx.emoji2:emoji2:1.0.0] AndroidManifest.xml:31:13-33:52
93                android:name="androidx.emoji2.text.EmojiCompatInitializer"
93-->[androidx.emoji2:emoji2:1.0.0] AndroidManifest.xml:32:17-75
94                android:value="androidx.startup" />
94-->[androidx.emoji2:emoji2:1.0.0] AndroidManifest.xml:33:17-49
95            <meta-data
95-->[androidx.lifecycle:lifecycle-process:2.4.0] AndroidManifest.xml:31:13-33:52
96                android:name="androidx.lifecycle.ProcessLifecycleInitializer"
96-->[androidx.lifecycle:lifecycle-process:2.4.0] AndroidManifest.xml:32:17-78
97                android:value="androidx.startup" />
97-->[androidx.lifecycle:lifecycle-process:2.4.0] AndroidManifest.xml:33:17-49
98        </provider>
99    </application>
100
101</manifest>